<?xml version="1.0" encoding="UTF-8"?>
<!-- Generated by org.testng.reporters.JUnitReportReporter -->
<testsuite hostname="DESKTOP-E61SUDJ" failures="0" tests="1" name="ImDbApiTest.API_TC_01" time="1.791" errors="0" timestamp="2020-12-10T00:53:38 PST" skipped="0">
  <testcase classname="ImDbApiTest.API_TC_01" name="getMovieDetails" time="1.791"/>
  <system-out/>
</testsuite> <!-- ImDbApiTest.API_TC_01 -->
